<?xml version="1.0" encoding="UTF-8"?>
<testsuite xmlns:xsi="http://www.w3.org/2001/XMLSchema-instance" xsi:noNamespaceSchemaLocation="https://maven.apache.org/surefire/maven-surefire-plugin/xsd/surefire-test-report-3.0.xsd" version="3.0" name="com.cpe.springboot.CardMngMonolithicApplicationTests" time="13.822" tests="1" errors="0" skipped="0" failures="0">
  <properties>
[...]
</properties>
  <testcase name="contextLoads" classname="com.cpe.springboot.CardMngMonolithicApplicationTests" time="0.795">
    <system-out><![CDATA[09:20:29.038 [main] INFO org.springframework.test.context.support.AnnotationConfigContextLoaderUtils -- Could not detect default configuration classes for test class [com.cpe.springboot.CardMngMonolithicApplicationTests]: CardMngMonolithicApplicationTests does not declare any static, non-private, non-final, nested classes annotated with @Configuration.
09:20:29.372 [main] INFO org.springframework.boot.test.context.SpringBootTestContextBootstrapper -- Found @SpringBootConfiguration com.cpe.springboot.CardMngMonolithicApplication for test class com.cpe.springboot.CardMngMonolithicApplicationTests

  .   ____          _            __ _ _
 /\\ / ___'_ __ _ _(_)_ __  __ _ \ \ \ \
( ( )\___ | '_ | '_| | '_ \/ _` | \ \ \ \
 \\/  ___)| |_)| | | | | || (_| |  ) ) ) )
  '  |____| .__|_| |_|_| |_\__, | / / / /
 =========|_|==============|___/=/_/_/_/
 :: Spring Boot ::                (v3.2.5)

2024-11-18T09:20:30.350+01:00  INFO 8425 --- [           main] c.c.s.CardMngMonolithicApplicationTests  : Starting CardMngMonolithicApplicationTests using Java 17.0.9 with PID 8425 (started by jbrider in /mnt/c/Users/julie/Desktop/S9/Famework_FrontEnd/Projet/ASI2)
2024-11-18T09:20:30.352+01:00  INFO 8425 --- [           main] c.c.s.CardMngMonolithicApplicationTests  : No active profile set, falling back to 1 default profile: "default"
2024-11-18T09:20:32.408+01:00  INFO 8425 --- [           main] .s.d.r.c.RepositoryConfigurationDelegate : Bootstrapping Spring Data JPA repositories in DEFAULT mode.
2024-11-18T09:20:32.741+01:00  INFO 8425 --- [           main] .s.d.r.c.RepositoryConfigurationDelegate : Finished Spring Data repository scanning in 313 ms. Found 4 JPA repository interfaces.
2024-11-18T09:20:33.772+01:00  INFO 8425 --- [           main] o.hibernate.jpa.internal.util.LogHelper  : HHH000204: Processing PersistenceUnitInfo [name: default]
2024-11-18T09:20:34.019+01:00  INFO 8425 --- [           main] org.hibernate.Version                    : HHH000412: Hibernate ORM core version 6.4.4.Final
2024-11-18T09:20:34.141+01:00  INFO 8425 --- [           main] o.h.c.internal.RegionFactoryInitiator    : HHH000026: Second-level cache disabled
2024-11-18T09:20:34.961+01:00  INFO 8425 --- [           main] o.s.o.j.p.SpringPersistenceUnitInfo      : No LoadTimeWeaver setup: ignoring JPA class transformer
2024-11-18T09:20:35.060+01:00  INFO 8425 --- [           main] com.zaxxer.hikari.HikariDataSource       : HikariPool-1 - Starting...
2024-11-18T09:20:35.610+01:00  INFO 8425 --- [           main] com.zaxxer.hikari.pool.HikariPool        : HikariPool-1 - Added connection conn0: url=jdbc:h2:mem:db user=SA
2024-11-18T09:20:35.616+01:00  INFO 8425 --- [           main] com.zaxxer.hikari.HikariDataSource       : HikariPool-1 - Start completed.
2024-11-18T09:20:38.442+01:00  INFO 8425 --- [           main] o.h.e.t.j.p.i.JtaPlatformInitiator       : HHH000489: No JTA platform available (set 'hibernate.transaction.jta.platform' to enable JTA platform integration)
2024-11-18T09:20:38.543+01:00  INFO 8425 --- [           main] j.LocalContainerEntityManagerFactoryBean : Initialized JPA EntityManagerFactory for persistence unit 'default'
2024-11-18T09:20:39.754+01:00  WARN 8425 --- [           main] JpaBaseConfiguration$JpaWebConfiguration : spring.jpa.open-in-view is enabled by default. Therefore, database queries may be performed during view rendering. Explicitly configure spring.jpa.open-in-view to disable this warning
2024-11-18T09:20:41.495+01:00  INFO 8425 --- [           main] c.c.s.CardMngMonolithicApplicationTests  : Started CardMngMonolithicApplicationTests in 11.698 seconds (process running for 13.599)
]]></system-out>
  </testcase>
</testsuite>